gradle-build/app/intermediates/manifest_merge_blame_file/debug/manifest-merger-blame-debug-report.txt
1<?xml version="1.0" encoding="utf-8"?>
2<manifest xmlns:android="http://schemas.android.com/apk/res/android"
3    package="com.aliyun.apsaravideo"
4    android:installLocation="preferExternal"
5    android:versionCode="474"
6    android:versionName="4.7.4" >
7
8    <uses-sdk
9        android:minSdkVersion="16"
9-->src\main\AndroidManifest.xml
10        android:targetSdkVersion="28" />
10-->src\main\AndroidManifest.xml
11
12    <uses-permission android:name="android.permission.INTERNET" />
12-->src\main\AndroidManifest.xml:6:5-66
12-->src\main\AndroidManifest.xml:6:22-64
13    <uses-permission android:name="android.permission.VIBRATE" />
13-->src\main\AndroidManifest.xml:7:5-65
13-->src\main\AndroidManifest.xml:7:22-63
14    <uses-permission android:name="android.permission.RECORD_AUDIO" />
14-->src\main\AndroidManifest.xml:8:5-70
14-->src\main\AndroidManifest.xml:8:22-68
15    <uses-permission android:name="android.permission.CAMERA" />
15-->src\main\AndroidManifest.xml:9:5-64
15-->src\main\AndroidManifest.xml:9:22-62
16    <uses-permission android:name="android.permission.ACCESS_NETWORK_STATE" />
16-->src\main\AndroidManifest.xml:10:5-78
16-->src\main\AndroidManifest.xml:10:22-76
17    <!-- <uses-permission android:name="android.permission.ACCESS_MOCK_LOCATION"/> -->
18    <uses-permission android:name="android.permission.MOUNT_UNMOUNT_FILESYSTEMS" />
18-->src\main\AndroidManifest.xml:12:5-83
18-->src\main\AndroidManifest.xml:12:22-81
19    <uses-permission android:name="android.permission.ACCESS_FINE_LOCATION" />
19-->src\main\AndroidManifest.xml:13:5-78
19-->src\main\AndroidManifest.xml:13:22-76
20    <uses-permission android:name="android.permission.GET_TASKS" />
20-->src\main\AndroidManifest.xml:14:5-67
20-->src\main\AndroidManifest.xml:14:22-65
21    <uses-permission android:name="android.permission.ACCESS_WIFI_STATE" />
21-->src\main\AndroidManifest.xml:15:5-75
21-->src\main\AndroidManifest.xml:15:22-73
22    <uses-permission android:name="android.permission.CHANGE_WIFI_STATE" />
22-->src\main\AndroidManifest.xml:16:5-75
22-->src\main\AndroidManifest.xml:16:22-73
23    <uses-permission android:name="android.permission.WAKE_LOCK" />
23-->src\main\AndroidManifest.xml:17:5-67
23-->src\main\AndroidManifest.xml:17:22-65
24    <uses-permission android:name="android.permission.MODIFY_AUDIO_SETTINGS" />
24-->src\main\AndroidManifest.xml:18:5-79
24-->src\main\AndroidManifest.xml:18:22-77
25    <uses-permission android:name="android.permission.READ_PHONE_STATE" />
25-->src\main\AndroidManifest.xml:19:5-74
25-->src\main\AndroidManifest.xml:19:22-72
26    <uses-permission android:name="android.permission.RECEIVE_BOOT_COMPLETED" />
26-->src\main\AndroidManifest.xml:20:5-80
26-->src\main\AndroidManifest.xml:20:22-78
27    <uses-permission android:name="android.permission.READ_EXTERNAL_STORAGE" />
27-->src\main\AndroidManifest.xml:21:5-79
27-->src\main\AndroidManifest.xml:21:22-77
28    <uses-permission android:name="android.permission.WRITE_EXTERNAL_STORAGE" />
28-->src\main\AndroidManifest.xml:22:5-80
28-->src\main\AndroidManifest.xml:22:22-78
29    <uses-permission android:name="android.permission.BLUETOOTH" />
29-->src\main\AndroidManifest.xml:23:5-68
29-->src\main\AndroidManifest.xml:23:22-65
30    <uses-permission android:name="android.permission.SYSTEM_ALERT_WINDOW" />
30-->src\main\AndroidManifest.xml:24:5-78
30-->src\main\AndroidManifest.xml:24:22-75
31    <!-- 自动更新URI跳转安装时需要 -->
32    <uses-permission android:name="android.permission.REQUEST_INSTALL_PACKAGES" />
32-->src\main\AndroidManifest.xml:26:5-83
32-->src\main\AndroidManifest.xml:26:22-80
33    <uses-permission android:name="android.permission.WRITE_SETTINGS" />
33-->[:Aliyunplayer:player_demo] AndroidManifest.xml:17:5-73
33-->[:Aliyunplayer:player_demo] AndroidManifest.xml:17:22-70
34    <uses-permission android:name="android.permission.CHANGE_WIFI_MULTICAST_STATE" /> <!-- 摄像头权限 -->
34-->[:Aliyunplayer:player_demo] AndroidManifest.xml:19:5-86
34-->[:Aliyunplayer:player_demo] AndroidManifest.xml:19:22-83
35    <uses-feature android:name="android.hardware.camera.autofocus" />
35-->[:zxing] AndroidManifest.xml:14:5-70
35-->[:zxing] AndroidManifest.xml:14:19-67
36
37    <application
37-->src\main\AndroidManifest.xml:28:5-55:19
38        android:name="com.aliyun.alivcsolution.MutiApplication"
38-->src\main\AndroidManifest.xml:29:9-64
39        android:allowBackup="true"
39-->src\main\AndroidManifest.xml:30:9-35
40        android:appComponentFactory="androidx.core.app.CoreComponentFactory"
40-->[androidx.core:core:1.4.0-alpha01] AndroidManifest.xml:24:18-86
41        android:debuggable="true"
42        android:icon="@mipmap/ic_launcher"
42-->src\main\AndroidManifest.xml:31:9-43
43        android:label="@string/app_name"
43-->src\main\AndroidManifest.xml:32:9-41
44        android:networkSecurityConfig="@xml/network_security_config"
44-->src\main\AndroidManifest.xml:34:9-69
45        android:supportsRtl="true"
45-->src\main\AndroidManifest.xml:33:9-35
46        android:testOnly="true"
47        android:theme="@style/AppTheme" >
47-->src\main\AndroidManifest.xml:35:9-40
48        <activity
48-->src\main\AndroidManifest.xml:37:9-48:20
49            android:name="com.aliyun.alivcsolution.SplashActivity"
49-->src\main\AndroidManifest.xml:37:19-73
50            android:configChanges="orientation"
50-->src\main\AndroidManifest.xml:39:13-48
51            android:screenOrientation="portrait"
51-->src\main\AndroidManifest.xml:38:13-49
52            android:theme="@style/Theme.MyAppTheme"
52-->src\main\AndroidManifest.xml:40:13-52
53            android:windowSoftInputMode="stateHidden|adjustPan" >
53-->src\main\AndroidManifest.xml:41:13-64
54            <intent-filter>
54-->src\main\AndroidManifest.xml:43:13-47:29
55                <action android:name="android.intent.action.MAIN" />
55-->src\main\AndroidManifest.xml:44:17-69
55-->src\main\AndroidManifest.xml:44:25-66
56
57                <category android:name="android.intent.category.LAUNCHER" />
57-->src\main\AndroidManifest.xml:46:17-77
57-->src\main\AndroidManifest.xml:46:27-74
58            </intent-filter>
59        </activity>
60        <activity
60-->src\main\AndroidManifest.xml:50:9-53:20
61            android:name="com.aliyun.alivcsolution.MainActivity"
61-->src\main\AndroidManifest.xml:50:19-71
62            android:launchMode="singleTask"
62-->src\main\AndroidManifest.xml:52:50-81
63            android:screenOrientation="portrait"
63-->src\main\AndroidManifest.xml:52:13-49
64            android:theme="@style/Theme.AppCompat.NoActionBar" >
64-->src\main\AndroidManifest.xml:51:13-63
65        </activity>
66        <activity
66-->[:Aliyunplayer:player_demo] AndroidManifest.xml:24:9-28:20
67            android:name="com.aliyun.vodplayerview.activity.AliyunPlayerSettingActivity"
67-->[:Aliyunplayer:player_demo] AndroidManifest.xml:25:13-89
68            android:configChanges="orientation|keyboardHidden|screenSize"
68-->[:Aliyunplayer:player_demo] AndroidManifest.xml:26:13-74
69            android:screenOrientation="portrait" >
69-->[:Aliyunplayer:player_demo] AndroidManifest.xml:27:13-49
70        </activity>
71        <activity
71-->[:Aliyunplayer:player_demo] AndroidManifest.xml:29:9-34:20
72            android:name="com.aliyun.vodplayerview.activity.AliyunPlayerSkinActivity"
72-->[:Aliyunplayer:player_demo] AndroidManifest.xml:30:13-86
73            android:configChanges="orientation|keyboardHidden|screenSize"
73-->[:Aliyunplayer:player_demo] AndroidManifest.xml:31:13-74
74            android:screenOrientation="portrait"
74-->[:Aliyunplayer:player_demo] AndroidManifest.xml:32:13-49
75            android:theme="@style/Theme.AppCompat.NoActionBar" >
75-->[:Aliyunplayer:player_demo] AndroidManifest.xml:33:13-63
76        </activity>
77
78        <service
78-->[:Aliyunplayer:player_demo] AndroidManifest.xml:36:9-38:40
79            android:name="com.aliyun.vodplayerview.view.dlna.service.ClingUpnpService"
79-->[:Aliyunplayer:player_demo] AndroidManifest.xml:37:13-87
80            android:exported="false" />
80-->[:Aliyunplayer:player_demo] AndroidManifest.xml:38:13-37
81
82        <activity
82-->[:AliyunVodUpload] AndroidManifest.xml:24:9-28:20
83            android:name="com.aliyun.svideo.vodupload.AliyunVodUploadMainActivity"
83-->[:AliyunVodUpload] AndroidManifest.xml:25:13-83
84            android:label="@string/app_name"
84-->[:AliyunVodUpload] AndroidManifest.xml:26:13-45
85            android:screenOrientation="portrait" >
85-->[:AliyunVodUpload] AndroidManifest.xml:27:13-49
86        </activity>
87        <activity
87-->[:AliyunVodUpload] AndroidManifest.xml:29:9-32:52
88            android:name="com.aliyun.svideo.vodupload.old.SVideoUploadActivity"
88-->[:AliyunVodUpload] AndroidManifest.xml:30:13-80
89            android:label="@string/svideo_upload"
89-->[:AliyunVodUpload] AndroidManifest.xml:31:13-50
90            android:screenOrientation="portrait" />
90-->[:AliyunVodUpload] AndroidManifest.xml:32:13-49
91        <activity
91-->[:AliyunVodUpload] AndroidManifest.xml:33:9-36:52
92            android:name="com.aliyun.svideo.vodupload.old.VodMultiUploadActivity"
92-->[:AliyunVodUpload] AndroidManifest.xml:34:13-82
93            android:label="@string/sts_multi_upload"
93-->[:AliyunVodUpload] AndroidManifest.xml:35:13-53
94            android:screenOrientation="portrait" />
94-->[:AliyunVodUpload] AndroidManifest.xml:36:13-49
95        <activity
95-->[:AliyunVodUpload] AndroidManifest.xml:37:9-40:52
96            android:name="com.aliyun.svideo.vodupload.MultiUploadActivity"
96-->[:AliyunVodUpload] AndroidManifest.xml:38:13-75
97            android:label="@string/certificate_multi_upload"
97-->[:AliyunVodUpload] AndroidManifest.xml:39:13-61
98            android:screenOrientation="portrait" />
98-->[:AliyunVodUpload] AndroidManifest.xml:40:13-49
99        <activity
99-->[:AliyunVodUpload] AndroidManifest.xml:41:9-44:52
100            android:name="com.aliyun.svideo.vodupload.old.OSSMultiUploadActivity"
100-->[:AliyunVodUpload] AndroidManifest.xml:42:13-82
101            android:label="@string/oss_multi_upload"
101-->[:AliyunVodUpload] AndroidManifest.xml:43:13-53
102            android:screenOrientation="portrait" />
102-->[:AliyunVodUpload] AndroidManifest.xml:44:13-49
103        <activity
103-->[:AliyunVodUpload] AndroidManifest.xml:45:9-47:56
104            android:name="com.aliyun.svideo.vodupload.old.GetSTStokenActivity"
104-->[:AliyunVodUpload] AndroidManifest.xml:46:13-79
105            android:label="@string/sts_multi_upload" />
105-->[:AliyunVodUpload] AndroidManifest.xml:47:13-53
106        <activity
106-->[:AliyunVodUpload] AndroidManifest.xml:48:9-50:52
107            android:name="com.aliyun.svideo.vodupload.GetVodAuthActivity"
107-->[:AliyunVodUpload] AndroidManifest.xml:49:13-74
108            android:screenOrientation="portrait" />
108-->[:AliyunVodUpload] AndroidManifest.xml:50:13-49
109        <activity
109-->[:AliyunVodUpload] AndroidManifest.xml:51:9-53:52
110            android:name="com.aliyun.svideo.vodupload.ChooseFileActivity"
110-->[:AliyunVodUpload] AndroidManifest.xml:52:13-74
111            android:screenOrientation="portrait" />
111-->[:AliyunVodUpload] AndroidManifest.xml:53:13-49
112        <activity
112-->[:zxing] AndroidManifest.xml:22:9-24:66
113            android:name="com.google.zxing.activity.CaptureActivity"
113-->[:zxing] AndroidManifest.xml:23:13-69
114            android:theme="@style/Theme.AppCompat.NoActionBar" />
114-->[:zxing] AndroidManifest.xml:24:13-63
115        <activity android:name="com.zhihu.matisse.ui.MatisseActivity" />
115-->[com.zhihu.android:matisse:0.5.3-beta3] AndroidManifest.xml:28:9-73
115-->[com.zhihu.android:matisse:0.5.3-beta3] AndroidManifest.xml:28:19-70
116        <activity android:name="com.zhihu.matisse.internal.ui.AlbumPreviewActivity" />
116-->[com.zhihu.android:matisse:0.5.3-beta3] AndroidManifest.xml:29:9-87
116-->[com.zhihu.android:matisse:0.5.3-beta3] AndroidManifest.xml:29:19-84
117        <activity android:name="com.zhihu.matisse.internal.ui.SelectedPreviewActivity" />
117-->[com.zhihu.android:matisse:0.5.3-beta3] AndroidManifest.xml:30:9-90
117-->[com.zhihu.android:matisse:0.5.3-beta3] AndroidManifest.xml:30:19-87
118
119        <service
119-->[com.squareup.leakcanary:leakcanary-android:1.6.1] AndroidManifest.xml:27:9-30:45
120            android:name="com.squareup.leakcanary.internal.HeapAnalyzerService"
120-->[com.squareup.leakcanary:leakcanary-android:1.6.1] AndroidManifest.xml:28:13-80
121            android:enabled="false"
121-->[com.squareup.leakcanary:leakcanary-android:1.6.1] AndroidManifest.xml:29:13-36
122            android:process=":leakcanary" />
122-->[com.squareup.leakcanary:leakcanary-android:1.6.1] AndroidManifest.xml:30:13-42
123        <service
123-->[com.squareup.leakcanary:leakcanary-android:1.6.1] AndroidManifest.xml:31:9-34:45
124            android:name="com.squareup.leakcanary.DisplayLeakService"
124-->[com.squareup.leakcanary:leakcanary-android:1.6.1] AndroidManifest.xml:32:13-70
125            android:enabled="false"
125-->[com.squareup.leakcanary:leakcanary-android:1.6.1] AndroidManifest.xml:33:13-36
126            android:process=":leakcanary" />
126-->[com.squareup.leakcanary:leakcanary-android:1.6.1] AndroidManifest.xml:34:13-42
127
128        <provider
128-->[com.squareup.leakcanary:leakcanary-android:1.6.1] AndroidManifest.xml:36:9-44:20
129            android:name="com.squareup.leakcanary.internal.LeakCanaryFileProvider"
129-->[com.squareup.leakcanary:leakcanary-android:1.6.1] AndroidManifest.xml:37:13-83
130            android:authorities="com.squareup.leakcanary.fileprovider.com.aliyun.apsaravideo"
130-->[com.squareup.leakcanary:leakcanary-android:1.6.1] AndroidManifest.xml:38:13-88
131            android:exported="false"
131-->[com.squareup.leakcanary:leakcanary-android:1.6.1] AndroidManifest.xml:39:13-37
132            android:grantUriPermissions="true" >
132-->[com.squareup.leakcanary:leakcanary-android:1.6.1] AndroidManifest.xml:40:13-47
133            <meta-data
133-->[com.squareup.leakcanary:leakcanary-android:1.6.1] AndroidManifest.xml:41:13-43:66
134                android:name="android.support.FILE_PROVIDER_PATHS"
134-->[com.squareup.leakcanary:leakcanary-android:1.6.1] AndroidManifest.xml:42:17-67
135                android:resource="@xml/leak_canary_file_paths" />
135-->[com.squareup.leakcanary:leakcanary-android:1.6.1] AndroidManifest.xml:43:17-63
136        </provider>
137
138        <activity
138-->[com.squareup.leakcanary:leakcanary-android:1.6.1] AndroidManifest.xml:46:9-59:20
139            android:name="com.squareup.leakcanary.internal.DisplayLeakActivity"
139-->[com.squareup.leakcanary:leakcanary-android:1.6.1] AndroidManifest.xml:47:13-80
140            android:enabled="false"
140-->[com.squareup.leakcanary:leakcanary-android:1.6.1] AndroidManifest.xml:48:13-36
141            android:icon="@mipmap/leak_canary_icon"
141-->[com.squareup.leakcanary:leakcanary-android:1.6.1] AndroidManifest.xml:49:13-52
142            android:label="@string/leak_canary_display_activity_label"
142-->[com.squareup.leakcanary:leakcanary-android:1.6.1] AndroidManifest.xml:50:13-71
143            android:process=":leakcanary"
143-->[com.squareup.leakcanary:leakcanary-android:1.6.1] AndroidManifest.xml:51:13-42
144            android:taskAffinity="com.squareup.leakcanary.com.aliyun.apsaravideo"
144-->[com.squareup.leakcanary:leakcanary-android:1.6.1] AndroidManifest.xml:52:13-76
145            android:theme="@style/leak_canary_LeakCanary.Base" >
145-->[com.squareup.leakcanary:leakcanary-android:1.6.1] AndroidManifest.xml:53:13-63
146            <intent-filter>
146-->src\main\AndroidManifest.xml:43:13-47:29
147                <action android:name="android.intent.action.MAIN" />
147-->src\main\AndroidManifest.xml:44:17-69
147-->src\main\AndroidManifest.xml:44:25-66
148
149                <category android:name="android.intent.category.LAUNCHER" />
149-->src\main\AndroidManifest.xml:46:17-77
149-->src\main\AndroidManifest.xml:46:27-74
150            </intent-filter>
151        </activity>
152        <activity
152-->[com.squareup.leakcanary:leakcanary-android:1.6.1] AndroidManifest.xml:60:9-69:68
153            android:name="com.squareup.leakcanary.internal.RequestStoragePermissionActivity"
153-->[com.squareup.leakcanary:leakcanary-android:1.6.1] AndroidManifest.xml:61:13-93
154            android:enabled="false"
154-->[com.squareup.leakcanary:leakcanary-android:1.6.1] AndroidManifest.xml:62:13-36
155            android:excludeFromRecents="true"
155-->[com.squareup.leakcanary:leakcanary-android:1.6.1] AndroidManifest.xml:63:13-46
156            android:icon="@mipmap/leak_canary_icon"
156-->[com.squareup.leakcanary:leakcanary-android:1.6.1] AndroidManifest.xml:64:13-52
157            android:label="@string/leak_canary_storage_permission_activity_label"
157-->[com.squareup.leakcanary:leakcanary-android:1.6.1] AndroidManifest.xml:65:13-82
158            android:process=":leakcanary"
158-->[com.squareup.leakcanary:leakcanary-android:1.6.1] AndroidManifest.xml:66:13-42
159            android:roundIcon="@mipmap/leak_canary_icon"
159-->[com.squareup.leakcanary:leakcanary-android:1.6.1] AndroidManifest.xml:67:13-57
160            android:taskAffinity="com.squareup.leakcanary.com.aliyun.apsaravideo"
160-->[com.squareup.leakcanary:leakcanary-android:1.6.1] AndroidManifest.xml:68:13-76
161            android:theme="@style/leak_canary_Theme.Transparent" />
161-->[com.squareup.leakcanary:leakcanary-android:1.6.1] AndroidManifest.xml:69:13-65
162    </application>
163
164</manifest>